<?xml version='1.0' encoding='utf-8'?>
<testsuites name="cocotb tests"><testsuite name="test_smoke" errors="0" failures="0" skipped="0" tests="4" time="0.212" timestamp="2026-09-11T00:38:39.450710+00:00" hostname="pgratz-Blade-16"><testcase classname="test_smoke" name="test_smoke_top_ports_exist" time="0.000"><properties><property name="cocotb" value="True" /><property name="random_seed" value="1789087119" /><property name="file" value="/home/pgratz/pcie-matmul/tb/tests/test_smoke.py" /><property name="line" value="24" /><property name="sim_time_unit" value="ns" /><property name="sim_time_start" value="0.0" /><property name="sim_time_stop" value="0.0" /><property name="sim_time_duration" value="0.0" /><property name="sim_time_ratio" value="0.0" /></properties></testcase><testcase classname="test_smoke" name="test_smoke_reset_state" time="0.075"><properties><property name="cocotb" value="True" /><property name="random_seed" value="1789087119" /><property name="file" value="/home/pgratz/pcie-matmul/tb/tests/test_smoke.py" /><property name="line" value="46" /><property name="sim_time_unit" value="ns" /><property name="sim_time_start" value="0.001" /><property name="sim_time_stop" value="4670.003" /><property name="sim_time_duration" value="4670.0019999999995" /><property name="sim_time_ratio" value="62521.30844483081" /></properties></testcase><testcase classname="test_smoke" name="test_smoke_enumerate_and_read_id" time="0.056"><properties><property name="cocotb" value="True" /><property name="random_seed" value="1789087119" /><property name="file" value="/home/pgratz/pcie-matmul/tb/tests/test_smoke.py" /><property name="line" value="74" /><property name="sim_time_unit" value="ns" /><property name="sim_time_start" value="4670.004" /><property name="sim_time_stop" value="9140.006" /><property name="sim_time_duration" value="4470.0019999999995" /><property name="sim_time_ratio" value="79653.28632802094" /></properties></testcase><testcase classname="test_smoke" name="test_smoke_single_multiply" time="0.081"><properties><property name="cocotb" value="True" /><property name="random_seed" value="1789087119" /><property name="file" value="/home/pgratz/pcie-matmul/tb/tests/test_smoke.py" /><property name="line" value="104" /><property name="sim_time_unit" value="ns" /><property name="sim_time_start" value="9140.007" /><property name="sim_time_stop" value="15070.009" /><property name="sim_time_duration" value="5930.002" /><property name="sim_time_ratio" value="73332.08063066096" /></properties></testcase></testsuite><testsuite name="test_regs" errors="0" failures="0" skipped="0" tests="13" time="1.267" timestamp="2026-09-11T00:38:39.731426+00:00" hostname="pgratz-Blade-16"><testcase classname="test_regs" name="test_reg_reset_values" time="0.068"><properties><property name="cocotb" value="True" /><property name="random_seed" value="1789087119" /><property name="file" value="/home/pgratz/pcie-matmul/tb/tests/test_regs.py" /><property name="line" value="41" /><property name="sim_time_unit" value="ns" /><property name="sim_time_start" value="15070.01" /><property name="sim_time_stop" value="20150.012" /><property name="sim_time_duration" value="5080.001999999999" /><property name="sim_time_ratio" value="74332.01082014515" /></properties></testcase><testcase classname="test_regs" name="test_reg_ro_writes_ignored" time="0.062"><properties><property name="cocotb" value="True" /><property name="random_seed" value="1789087119" /><property name="file" value="/home/pgratz/pcie-matmul/tb/tests/test_regs.py" /><property name="line" value="55" /><property name="sim_time_unit" value="ns" /><property name="sim_time_start" value="20150.013" /><property name="sim_time_stop" value="25670.015" /><property name="sim_time_duration" value="5520.002" /><property name="sim_time_ratio" value="88630.64055844261" /></properties></testcase><testcase classname="test_regs" name="test_reg_scratch_rw_and_byte_enables" time="0.080"><properties><property name="cocotb" value="True" /><property name="random_seed" value="1789087119" /><property name="file" value="/home/pgratz/pcie-matmul/tb/tests/test_regs.py" /><property name="line" value="71" /><property name="sim_time_unit" value="ns" /><property name="sim_time_start" value="25670.016" /><property name="sim_time_stop" value="32310.016" /><property name="sim_time_duration" value="6640.0" /><property name="sim_time_ratio" value="83420.12041164581" /></properties></testcase><testcase classname="test_regs" name="test_reg_reserved_raz_wi" time="0.064"><properties><property name="cocotb" value="True" /><property name="random_seed" value="1789087119" /><property name="file" value="/home/pgratz/pcie-matmul/tb/tests/test_regs.py" /><property name="line" value="115" /><property name="sim_time_unit" value="ns" /><property name="sim_time_start" value="32310.017" /><property name="sim_time_stop" value="38330.017" /><property name="sim_time_duration" value="6020.0" /><property name="sim_time_ratio" value="94059.64440899457" /></properties></testcase><testcase classname="test_regs" name="test_reg_ctrl_reads_zero_and_be_gated" time="0.076"><properties><property name="cocotb" value="True" /><property name="random_seed" value="1789087119" /><property name="file" value="/home/pgratz/pcie-matmul/tb/tests/test_regs.py" /><property name="line" value="131" /><property name="sim_time_unit" value="ns" /><property name="sim_time_start" value="38330.018" /><property name="sim_time_stop" value="44410.02" /><property name="sim_time_duration" value="6080.002" /><property name="sim_time_ratio" value="79873.83931000474" /></properties></testcase><testcase classname="test_regs" name="test_reg_status_w1c" time="0.069"><properties><property name="cocotb" value="True" /><property name="random_seed" value="1789087119" /><property name="file" value="/home/pgratz/pcie-matmul/tb/tests/test_regs.py" /><property name="line" value="163" /><property name="sim_time_unit" value="ns" /><property name="sim_time_start" value="44410.021" /><property name="sim_time_stop" value="49770.023" /><property name="sim_time_duration" value="5360.002" /><property name="sim_time_ratio" value="77438.47713909364" /></properties></testcase><testcase classname="test_regs" name="test_reg_status_w1c_byte_enable_gating" time="0.063"><properties><property name="cocotb" value="True" /><property name="random_seed" value="1789087119" /><property name="file" value="/home/pgratz/pcie-matmul/tb/tests/test_regs.py" /><property name="line" value="196" /><property name="sim_time_unit" value="ns" /><property name="sim_time_start" value="49770.024" /><property name="sim_time_stop" value="54790.026" /><property name="sim_time_duration" value="5020.002" /><property name="sim_time_ratio" value="79287.76868598629" /></properties></testcase><testcase classname="test_regs" name="test_reg_irq_enable_rw_and_reserved" time="0.071"><properties><property name="cocotb" value="True" /><property name="random_seed" value="1789087119" /><property name="file" value="/home/pgratz/pcie-matmul/tb/tests/test_regs.py" /><property name="line" value="219" /><property name="sim_time_unit" value="ns" /><property name="sim_time_start" value="54790.027" /><property name="sim_time_stop" value="60310.029" /><property name="sim_time_duration" value="5520.002" /><property name="sim_time_ratio" value="77917.0664051175" /></properties></testcase><testcase classname="test_regs" name="test_reg_irq_status_and_irq_pin" time="0.078"><properties><property name="cocotb" value="True" /><property name="random_seed" value="1789087119" /><property name="file" value="/home/pgratz/pcie-matmul/tb/tests/test_regs.py" /><property name="line" value="243" /><property name="sim_time_unit" value="ns" /><property name="sim_time_start" value="60310.03" /><property name="sim_time_stop" value="66430.032" /><property name="sim_time_duration" value="6120.002000000008" /><property name="sim_time_ratio" value="78578.6412397334" /></properties></testcase><testcase classname="test_regs" name="test_reg_op_count_and_perf_cycles" time="0.087"><properties><property name="cocotb" value="True" /><property name="random_seed" value="1789087119" /><property name="file" value="/home/pgratz/pcie-matmul/tb/tests/test_regs.py" /><property name="line" value="288" /><property name="sim_time_unit" value="ns" /><property name="sim_time_start" value="66430.033" /><property name="sim_time_stop" value="72670.035" /><property name="sim_time_duration" value="6240.002000000008" /><property name="sim_time_ratio" value="71717.17962641912" /></properties></testcase><testcase classname="test_regs" name="test_reg_soft_reset" time="0.427"><properties><property name="cocotb" value="True" /><property name="random_seed" value="1789087119" /><property name="file" value="/home/pgratz/pcie-matmul/tb/tests/test_regs.py" /><property name="line" value="308" /><property name="sim_time_unit" value="ns" /><property name="sim_time_start" value="72670.036" /><property name="sim_time_stop" value="80860.036" /><property name="sim_time_duration" value="8190.0" /><property name="sim_time_ratio" value="19189.05938508677" /></properties></testcase><testcase classname="test_regs" name="test_reg_soft_reset_precedence" time="0.060"><properties><property name="cocotb" value="True" /><property name="random_seed" value="1789087119" /><property name="file" value="/home/pgratz/pcie-matmul/tb/tests/test_regs.py" /><property name="line" value="370" /><property name="sim_time_unit" value="ns" /><property name="sim_time_start" value="80860.037" /><property name="sim_time_stop" value="85280.039" /><property name="sim_time_duration" value="4420.002000000008" /><property name="sim_time_ratio" value="73868.6803553515" /></properties></testcase><testcase classname="test_regs" name="test_reg_access_while_busy" time="0.062"><properties><property name="cocotb" value="True" /><property name="random_seed" value="1789087119" /><property name="file" value="/home/pgratz/pcie-matmul/tb/tests/test_regs.py" /><property name="line" value="387" /><property name="sim_time_unit" value="ns" /><property name="sim_time_start" value="85280.04" /><property name="sim_time_stop" value="89860.042" /><property name="sim_time_duration" value="4580.002000000008" /><property name="sim_time_ratio" value="74176.04779618226" /></properties></testcase></testsuite><testsuite name="test_tlp" errors="0" failures="0" skipped="0" tests="23" time="1.486" timestamp="2026-09-11T00:38:40.934962+00:00" hostname="pgratz-Blade-16"><testcase classname="test_tlp" name="test_tlp_be_tables_match_reference_library" time="0.003"><properties><property name="cocotb" value="True" /><property name="random_seed" value="1789087119" /><property name="file" value="/home/pgratz/pcie-matmul/tb/tests/test_tlp.py" /><property name="line" value="24" /><property name="sim_time_unit" value="ns" /><property name="sim_time_start" value="89860.043" /><property name="sim_time_stop" value="89860.043" /><property name="sim_time_duration" value="0.0" /><property name="sim_time_ratio" value="0.0" /></properties></testcase><testcase classname="test_tlp" name="test_tlp_ready_not_combinational_on_valid" time="0.058"><properties><property name="cocotb" value="True" /><property name="random_seed" value="1789087119" /><property name="file" value="/home/pgratz/pcie-matmul/tb/tests/test_tlp.py" /><property name="line" value="56" /><property name="sim_time_unit" value="ns" /><property name="sim_time_start" value="89860.044" /><property name="sim_time_stop" value="94040.044" /><property name="sim_time_duration" value="4180.0" /><property name="sim_time_ratio" value="71987.39510897822" /></properties></testcase><testcase classname="test_tlp" name="test_tlp_idle_and_stall_cycles" time="0.078"><properties><property name="cocotb" value="True" /><property name="random_seed" value="1789087119" /><property name="file" value="/home/pgratz/pcie-matmul/tb/tests/test_tlp.py" /><property name="line" value="95" /><property name="sim_time_unit" value="ns" /><property name="sim_time_start" value="94040.045" /><property name="sim_time_stop" value="101980.047" /><property name="sim_time_duration" value="7940.002000000008" /><property name="sim_time_ratio" value="101936.87982721273" /></properties></testcase><testcase classname="test_tlp" name="test_tlp_tx_ready_held_low_no_deadlock" time="0.074"><properties><property name="cocotb" value="True" /><property name="random_seed" value="1789087119" /><property name="file" value="/home/pgratz/pcie-matmul/tb/tests/test_tlp.py" /><property name="line" value="113" /><property name="sim_time_unit" value="ns" /><property name="sim_time_start" value="101980.048" /><property name="sim_time_stop" value="109390.05" /><property name="sim_time_duration" value="7410.002000000008" /><property name="sim_time_ratio" value="100427.33377528813" /></properties></testcase><testcase classname="test_tlp" name="test_tlp_completion_reserved_fields_and_ids" time="0.096"><properties><property name="cocotb" value="True" /><property name="random_seed" value="1789087119" /><property name="file" value="/home/pgratz/pcie-matmul/tb/tests/test_tlp.py" /><property name="line" value="184" /><property name="sim_time_unit" value="ns" /><property name="sim_time_start" value="109390.051" /><property name="sim_time_stop" value="119370.051" /><property name="sim_time_duration" value="9980.0" /><property name="sim_time_ratio" value="104363.49743847673" /></properties></testcase><testcase classname="test_tlp" name="test_tlp_completer_id_capture" time="0.060"><properties><property name="cocotb" value="True" /><property name="random_seed" value="1789087119" /><property name="file" value="/home/pgratz/pcie-matmul/tb/tests/test_tlp.py" /><property name="line" value="219" /><property name="sim_time_unit" value="ns" /><property name="sim_time_start" value="119370.052" /><property name="sim_time_stop" value="124050.052" /><property name="sim_time_duration" value="4680.0" /><property name="sim_time_ratio" value="77498.87034792603" /></properties></testcase><testcase classname="test_tlp" name="test_tlp_mrd_completion_fields" time="0.067"><properties><property name="cocotb" value="True" /><property name="random_seed" value="1789087119" /><property name="file" value="/home/pgratz/pcie-matmul/tb/tests/test_tlp.py" /><property name="line" value="237" /><property name="sim_time_unit" value="ns" /><property name="sim_time_start" value="124050.053" /><property name="sim_time_stop" value="129850.053" /><property name="sim_time_duration" value="5800.0" /><property name="sim_time_ratio" value="86747.82104810662" /></properties></testcase><testcase classname="test_tlp" name="test_tlp_mrd_payload_is_full_dwords" time="0.062"><properties><property name="cocotb" value="True" /><property name="random_seed" value="1789087119" /><property name="file" value="/home/pgratz/pcie-matmul/tb/tests/test_tlp.py" /><property name="line" value="290" /><property name="sim_time_unit" value="ns" /><property name="sim_time_start" value="129850.054" /><property name="sim_time_stop" value="134570.054" /><property name="sim_time_duration" value="4720.0" /><property name="sim_time_ratio" value="76573.10190610461" /></properties></testcase><testcase classname="test_tlp" name="test_tlp_cfg_completion_fields" time="0.054"><properties><property name="cocotb" value="True" /><property name="random_seed" value="1789087119" /><property name="file" value="/home/pgratz/pcie-matmul/tb/tests/test_tlp.py" /><property name="line" value="304" /><property name="sim_time_unit" value="ns" /><property name="sim_time_start" value="134570.055" /><property name="sim_time_stop" value="139050.055" /><property name="sim_time_duration" value="4480.0" /><property name="sim_time_ratio" value="82900.30261362361" /></properties></testcase><testcase classname="test_tlp" name="test_tlp_malformed_length_rejected" time="0.070"><properties><property name="cocotb" value="True" /><property name="random_seed" value="1789087119" /><property name="file" value="/home/pgratz/pcie-matmul/tb/tests/test_tlp.py" /><property name="line" value="388" /><property name="sim_time_unit" value="ns" /><property name="sim_time_start" value="139050.056" /><property name="sim_time_stop" value="144310.058" /><property name="sim_time_duration" value="5260.001999999979" /><property name="sim_time_ratio" value="74891.06664116922" /></properties></testcase><testcase classname="test_tlp" name="test_tlp_oversize_write_discarded_and_framing_kept" time="0.063"><properties><property name="cocotb" value="True" /><property name="random_seed" value="1789087119" /><property name="file" value="/home/pgratz/pcie-matmul/tb/tests/test_tlp.py" /><property name="line" value="403" /><property name="sim_time_unit" value="ns" /><property name="sim_time_start" value="144310.059" /><property name="sim_time_stop" value="149360.061" /><property name="sim_time_duration" value="5050.001999999979" /><property name="sim_time_ratio" value="79566.09302497242" /></properties></testcase><testcase classname="test_tlp" name="test_tlp_sop_resynchronisation" time="0.057"><properties><property name="cocotb" value="True" /><property name="random_seed" value="1789087119" /><property name="file" value="/home/pgratz/pcie-matmul/tb/tests/test_tlp.py" /><property name="line" value="423" /><property name="sim_time_unit" value="ns" /><property name="sim_time_start" value="149360.062" /><property name="sim_time_stop" value="153740.064" /><property name="sim_time_duration" value="4380.002000000008" /><property name="sim_time_ratio" value="76986.56309178674" /></properties></testcase><testcase classname="test_tlp" name="test_tlp_nonposted_unsupported_types" time="0.065"><properties><property name="cocotb" value="True" /><property name="random_seed" value="1789087119" /><property name="file" value="/home/pgratz/pcie-matmul/tb/tests/test_tlp.py" /><property name="line" value="447" /><property name="sim_time_unit" value="ns" /><property name="sim_time_start" value="153740.065" /><property name="sim_time_stop" value="159020.067" /><property name="sim_time_duration" value="5280.002000000008" /><property name="sim_time_ratio" value="81142.67031685569" /></properties></testcase><testcase classname="test_tlp" name="test_tlp_posted_unsupported_types" time="0.064"><properties><property name="cocotb" value="True" /><property name="random_seed" value="1789087119" /><property name="file" value="/home/pgratz/pcie-matmul/tb/tests/test_tlp.py" /><property name="line" value="477" /><property name="sim_time_unit" value="ns" /><property name="sim_time_start" value="159020.068" /><property name="sim_time_stop" value="164080.07" /><property name="sim_time_duration" value="5060.002000000008" /><property name="sim_time_ratio" value="78477.95995494154" /></properties></testcase><testcase classname="test_tlp" name="test_tlp_td_ep_treated_as_unsupported" time="0.068"><properties><property name="cocotb" value="True" /><property name="random_seed" value="1789087119" /><property name="file" value="/home/pgratz/pcie-matmul/tb/tests/test_tlp.py" /><property name="line" value="513" /><property name="sim_time_unit" value="ns" /><property name="sim_time_start" value="164080.071" /><property name="sim_time_stop" value="169540.073" /><property name="sim_time_duration" value="5460.002000000008" /><property name="sim_time_ratio" value="80525.0740210874" /></properties></testcase><testcase classname="test_tlp" name="test_tlp_inbound_completion_discarded" time="0.063"><properties><property name="cocotb" value="True" /><property name="random_seed" value="1789087119" /><property name="file" value="/home/pgratz/pcie-matmul/tb/tests/test_tlp.py" /><property name="line" value="540" /><property name="sim_time_unit" value="ns" /><property name="sim_time_start" value="169540.074" /><property name="sim_time_stop" value="174250.076" /><property name="sim_time_duration" value="4710.002000000008" /><property name="sim_time_ratio" value="74322.27424393933" /></properties></testcase><testcase classname="test_tlp" name="test_tlp_bar0_miss_and_window_overrun" time="0.072"><properties><property name="cocotb" value="True" /><property name="random_seed" value="1789087119" /><property name="file" value="/home/pgratz/pcie-matmul/tb/tests/test_tlp.py" /><property name="line" value="561" /><property name="sim_time_unit" value="ns" /><property name="sim_time_start" value="174250.077" /><property name="sim_time_stop" value="181100.077" /><property name="sim_time_duration" value="6850.0" /><property name="sim_time_ratio" value="94772.90620026534" /></properties></testcase><testcase classname="test_tlp" name="test_tlp_mse_gates_bar0_only" time="0.066"><properties><property name="cocotb" value="True" /><property name="random_seed" value="1789087119" /><property name="file" value="/home/pgratz/pcie-matmul/tb/tests/test_tlp.py" /><property name="line" value="595" /><property name="sim_time_unit" value="ns" /><property name="sim_time_start" value="181100.078" /><property name="sim_time_stop" value="186170.078" /><property name="sim_time_duration" value="5070.0" /><property name="sim_time_ratio" value="76965.33838050373" /></properties></testcase><testcase classname="test_tlp" name="test_tlp_cfg_nonzero_device_or_function" time="0.082"><properties><property name="cocotb" value="True" /><property name="random_seed" value="1789087119" /><property name="file" value="/home/pgratz/pcie-matmul/tb/tests/test_tlp.py" /><property name="line" value="643" /><property name="sim_time_unit" value="ns" /><property name="sim_time_start" value="186170.079" /><property name="sim_time_stop" value="193500.079" /><property name="sim_time_duration" value="7330.0" /><property name="sim_time_ratio" value="89619.68011698671" /></properties></testcase><testcase classname="test_tlp" name="test_tlp_payload_endianness" time="0.060"><properties><property name="cocotb" value="True" /><property name="random_seed" value="1789087119" /><property name="file" value="/home/pgratz/pcie-matmul/tb/tests/test_tlp.py" /><property name="line" value="669" /><property name="sim_time_unit" value="ns" /><property name="sim_time_start" value="193500.08" /><property name="sim_time_stop" value="197900.082" /><property name="sim_time_duration" value="4400.002000000008" /><property name="sim_time_ratio" value="72907.97536575065" /></properties></testcase><testcase classname="test_tlp" name="test_tlp_burst_ascending_and_independent_decode" time="0.063"><properties><property name="cocotb" value="True" /><property name="random_seed" value="1789087119" /><property name="file" value="/home/pgratz/pcie-matmul/tb/tests/test_tlp.py" /><property name="line" value="699" /><property name="sim_time_unit" value="ns" /><property name="sim_time_start" value="197900.083" /><property name="sim_time_stop" value="202700.083" /><property name="sim_time_duration" value="4800.0" /><property name="sim_time_ratio" value="76578.11094288014" /></properties></testcase><testcase classname="test_tlp" name="test_tlp_requests_serviced_in_order" time="0.060"><properties><property name="cocotb" value="True" /><property name="random_seed" value="1789087119" /><property name="file" value="/home/pgratz/pcie-matmul/tb/tests/test_tlp.py" /><property name="line" value="734" /><property name="sim_time_unit" value="ns" /><property name="sim_time_start" value="202700.084" /><property name="sim_time_stop" value="207370.084" /><property name="sim_time_duration" value="4670.0" /><property name="sim_time_ratio" value="77684.69015596126" /></properties></testcase><testcase classname="test_tlp" name="test_tlp_back_to_back_tlps_no_idle_cycles" time="0.080"><properties><property name="cocotb" value="True" /><property name="random_seed" value="1789087119" /><property name="file" value="/home/pgratz/pcie-matmul/tb/tests/test_tlp.py" /><property name="line" value="771" /><property name="sim_time_unit" value="ns" /><property name="sim_time_start" value="207370.085" /><property name="sim_time_stop" value="215080.087" /><property name="sim_time_duration" value="7710.002000000008" /><property name="sim_time_ratio" value="96094.65083916976" /></properties></testcase></testsuite><testsuite name="test_cfg" errors="0" failures="0" skipped="0" tests="8" time="0.287" timestamp="2026-09-11T00:38:42.434876+00:00" hostname="pgratz-Blade-16"><testcase classname="test_cfg" name="test_cfg_reset_values" time="0.013"><properties><property name="cocotb" value="True" /><property name="random_seed" value="1789087119" /><property name="file" value="/home/pgratz/pcie-matmul/tb/tests/test_cfg.py" /><property name="line" value="36" /><property name="sim_time_unit" value="ns" /><property name="sim_time_start" value="215080.088" /><property name="sim_time_stop" value="216750.088" /><property name="sim_time_duration" value="1670.0" /><property name="sim_time_ratio" value="127237.20334499078" /></properties></testcase><testcase classname="test_cfg" name="test_cfg_unimplemented_offsets_read_zero" time="0.007"><properties><property name="cocotb" value="True" /><property name="random_seed" value="1789087119" /><property name="file" value="/home/pgratz/pcie-matmul/tb/tests/test_cfg.py" /><property name="line" value="47" /><property name="sim_time_unit" value="ns" /><property name="sim_time_start" value="216750.089" /><property name="sim_time_stop" value="217520.089" /><property name="sim_time_duration" value="770.0" /><property name="sim_time_ratio" value="109699.87677456986" /></properties></testcase><testcase classname="test_cfg" name="test_cfg_bar0_sizing_and_readonly_low_bits" time="0.013"><properties><property name="cocotb" value="True" /><property name="random_seed" value="1789087119" /><property name="file" value="/home/pgratz/pcie-matmul/tb/tests/test_cfg.py" /><property name="line" value="58" /><property name="sim_time_unit" value="ns" /><property name="sim_time_start" value="217520.09" /><property name="sim_time_stop" value="218890.09" /><property name="sim_time_duration" value="1370.0" /><property name="sim_time_ratio" value="106620.32031223032" /></properties></testcase><testcase classname="test_cfg" name="test_cfg_command_register_rw_bits" time="0.010"><properties><property name="cocotb" value="True" /><property name="random_seed" value="1789087119" /><property name="file" value="/home/pgratz/pcie-matmul/tb/tests/test_cfg.py" /><property name="line" value="84" /><property name="sim_time_unit" value="ns" /><property name="sim_time_start" value="218890.091" /><property name="sim_time_stop" value="220260.091" /><property name="sim_time_duration" value="1370.0" /><property name="sim_time_ratio" value="144071.41393686627" /></properties></testcase><testcase classname="test_cfg" name="test_cfg_write_byte_enables" time="0.007"><properties><property name="cocotb" value="True" /><property name="random_seed" value="1789087119" /><property name="file" value="/home/pgratz/pcie-matmul/tb/tests/test_cfg.py" /><property name="line" value="104" /><property name="sim_time_unit" value="ns" /><property name="sim_time_start" value="220260.092" /><property name="sim_time_stop" value="221230.092" /><property name="sim_time_duration" value="970.0" /><property name="sim_time_ratio" value="141721.01628415758" /></properties></testcase><testcase classname="test_cfg" name="test_cfg_write_to_readonly_is_accepted_and_ignored" time="0.031"><properties><property name="cocotb" value="True" /><property name="random_seed" value="1789087119" /><property name="file" value="/home/pgratz/pcie-matmul/tb/tests/test_cfg.py" /><property name="line" value="140" /><property name="sim_time_unit" value="ns" /><property name="sim_time_start" value="221230.093" /><property name="sim_time_stop" value="226100.093" /><property name="sim_time_duration" value="4870.0" /><property name="sim_time_ratio" value="158125.6005455621" /></properties></testcase><testcase classname="test_cfg" name="test_cfg_enumeration_assigns_bar0" time="0.056"><properties><property name="cocotb" value="True" /><property name="random_seed" value="1789087119" /><property name="file" value="/home/pgratz/pcie-matmul/tb/tests/test_cfg.py" /><property name="line" value="162" /><property name="sim_time_unit" value="ns" /><property name="sim_time_start" value="226100.094" /><property name="sim_time_stop" value="230180.096" /><property name="sim_time_duration" value="4080.0019999999786" /><property name="sim_time_ratio" value="72802.31422879388" /></properties></testcase><testcase classname="test_cfg" name="test_cfg_reenumerable_after_reset" time="0.150"><properties><property name="cocotb" value="True" /><property name="random_seed" value="1789087119" /><property name="file" value="/home/pgratz/pcie-matmul/tb/tests/test_cfg.py" /><property name="line" value="193" /><property name="sim_time_unit" value="ns" /><property name="sim_time_start" value="230180.097" /><property name="sim_time_stop" value="242250.099" /><property name="sim_time_duration" value="12070.001999999979" /><property name="sim_time_ratio" value="80252.99409751792" /></properties></testcase></testsuite><testsuite name="test_matmul" errors="0" failures="0" skipped="0" tests="16" time="7.417" timestamp="2026-09-11T00:38:42.784350+00:00" hostname="pgratz-Blade-16"><testcase classname="test_matmul" name="test_matmul_zeros" time="0.075"><properties><property name="cocotb" value="True" /><property name="random_seed" value="1789087119" /><property name="file" value="/home/pgratz/pcie-matmul/tb/tests/test_matmul.py" /><property name="line" value="39" /><property name="sim_time_unit" value="ns" /><property name="sim_time_start" value="242250.1" /><property name="sim_time_stop" value="248180.102" /><property name="sim_time_duration" value="5930.002000000008" /><property name="sim_time_ratio" value="79360.16298667544" /></properties></testcase><testcase classname="test_matmul" name="test_matmul_identity" time="0.277"><properties><property name="cocotb" value="True" /><property name="random_seed" value="1789087119" /><property name="file" value="/home/pgratz/pcie-matmul/tb/tests/test_matmul.py" /><property name="line" value="51" /><property name="sim_time_unit" value="ns" /><property name="sim_time_start" value="248180.103" /><property name="sim_time_stop" value="255760.105" /><property name="sim_time_duration" value="7580.002000000008" /><property name="sim_time_ratio" value="27353.288294826525" /></properties></testcase><testcase classname="test_matmul" name="test_matmul_extreme_operands" time="0.654"><properties><property name="cocotb" value="True" /><property name="random_seed" value="1789087119" /><property name="file" value="/home/pgratz/pcie-matmul/tb/tests/test_matmul.py" /><property name="line" value="64" /><property name="sim_time_unit" value="ns" /><property name="sim_time_start" value="255760.106" /><property name="sim_time_stop" value="266840.108" /><property name="sim_time_duration" value="11080.002000000008" /><property name="sim_time_ratio" value="16939.92640999668" /></properties></testcase><testcase classname="test_matmul" name="test_matmul_random" time="1.380"><properties><property name="cocotb" value="True" /><property name="random_seed" value="1789087119" /><property name="file" value="/home/pgratz/pcie-matmul/tb/tests/test_matmul.py" /><property name="line" value="90" /><property name="sim_time_unit" value="ns" /><property name="sim_time_start" value="266840.109" /><property name="sim_time_stop" value="281420.111" /><property name="sim_time_duration" value="14580.001999999979" /><property name="sim_time_ratio" value="10565.081165326099" /></properties></testcase><testcase classname="test_matmul" name="test_matmul_back_to_back" time="1.015"><properties><property name="cocotb" value="True" /><property name="random_seed" value="1789087119" /><property name="file" value="/home/pgratz/pcie-matmul/tb/tests/test_matmul.py" /><property name="line" value="103" /><property name="sim_time_unit" value="ns" /><property name="sim_time_start" value="281420.112" /><property name="sim_time_stop" value="291560.114" /><property name="sim_time_duration" value="10140.001999999979" /><property name="sim_time_ratio" value="9989.49930438985" /></properties></testcase><testcase classname="test_matmul" name="test_matmul_start_while_busy" time="0.425"><properties><property name="cocotb" value="True" /><property name="random_seed" value="1789087119" /><property name="file" value="/home/pgratz/pcie-matmul/tb/tests/test_matmul.py" /><property name="line" value="128" /><property name="sim_time_unit" value="ns" /><property name="sim_time_start" value="291560.115" /><property name="sim_time_stop" value="297510.117" /><property name="sim_time_duration" value="5950.002000000037" /><property name="sim_time_ratio" value="13998.230915934868" /></properties></testcase><testcase classname="test_matmul" name="test_matmul_write_abc_while_busy" time="0.450"><properties><property name="cocotb" value="True" /><property name="random_seed" value="1789087119" /><property name="file" value="/home/pgratz/pcie-matmul/tb/tests/test_matmul.py" /><property name="line" value="160" /><property name="sim_time_unit" value="ns" /><property name="sim_time_start" value="297510.118" /><property name="sim_time_stop" value="303510.12" /><property name="sim_time_duration" value="6000.001999999979" /><property name="sim_time_ratio" value="13335.231469538521" /></properties></testcase><testcase classname="test_matmul" name="test_matmul_read_abc_while_busy" time="0.424"><properties><property name="cocotb" value="True" /><property name="random_seed" value="1789087119" /><property name="file" value="/home/pgratz/pcie-matmul/tb/tests/test_matmul.py" /><property name="line" value="194" /><property name="sim_time_unit" value="ns" /><property name="sim_time_start" value="303510.121" /><property name="sim_time_stop" value="309380.123" /><property name="sim_time_duration" value="5870.002000000037" /><property name="sim_time_ratio" value="13839.09671065554" /></properties></testcase><testcase classname="test_matmul" name="test_matmul_done_timing" time="0.103"><properties><property name="cocotb" value="True" /><property name="random_seed" value="1789087119" /><property name="file" value="/home/pgratz/pcie-matmul/tb/tests/test_matmul.py" /><property name="line" value="236" /><property name="sim_time_unit" value="ns" /><property name="sim_time_start" value="309380.124" /><property name="sim_time_stop" value="314350.126" /><property name="sim_time_duration" value="4970.001999999979" /><property name="sim_time_ratio" value="48478.90096382906" /></properties></testcase><testcase classname="test_matmul" name="test_matmul_busy_is_zero_when_idle" time="0.109"><properties><property name="cocotb" value="True" /><property name="random_seed" value="1789087119" /><property name="file" value="/home/pgratz/pcie-matmul/tb/tests/test_matmul.py" /><property name="line" value="296" /><property name="sim_time_unit" value="ns" /><property name="sim_time_start" value="314350.127" /><property name="sim_time_stop" value="319350.129" /><property name="sim_time_duration" value="5000.002000000037" /><property name="sim_time_ratio" value="45780.73304535423" /></properties></testcase><testcase classname="test_matmul" name="test_matmul_c_addressing_and_persistence" time="0.337"><properties><property name="cocotb" value="True" /><property name="random_seed" value="1789087119" /><property name="file" value="/home/pgratz/pcie-matmul/tb/tests/test_matmul.py" /><property name="line" value="314" /><property name="sim_time_unit" value="ns" /><property name="sim_time_start" value="319350.13" /><property name="sim_time_stop" value="332530.132" /><property name="sim_time_duration" value="13180.001999999979" /><property name="sim_time_ratio" value="39123.2551099443" /></properties></testcase><testcase classname="test_matmul" name="test_matmul_c_cleared_by_rst_only" time="0.271"><properties><property name="cocotb" value="True" /><property name="random_seed" value="1789087119" /><property name="file" value="/home/pgratz/pcie-matmul/tb/tests/test_matmul.py" /><property name="line" value="347" /><property name="sim_time_unit" value="ns" /><property name="sim_time_start" value="332530.133" /><property name="sim_time_stop" value="346490.135" /><property name="sim_time_duration" value="13960.002000000037" /><property name="sim_time_ratio" value="51525.93157008395" /></properties></testcase><testcase classname="test_matmul" name="test_matmul_storage_raz_wi_beyond_nn" time="0.115"><properties><property name="cocotb" value="True" /><property name="random_seed" value="1789087119" /><property name="file" value="/home/pgratz/pcie-matmul/tb/tests/test_matmul.py" /><property name="line" value="367" /><property name="sim_time_unit" value="ns" /><property name="sim_time_start" value="346490.136" /><property name="sim_time_stop" value="353450.136" /><property name="sim_time_duration" value="6960.0" /><property name="sim_time_ratio" value="60402.37196358292" /></properties></testcase><testcase classname="test_matmul" name="test_matmul_write_granularity_equivalence" time="0.833"><properties><property name="cocotb" value="True" /><property name="random_seed" value="1789087119" /><property name="file" value="/home/pgratz/pcie-matmul/tb/tests/test_matmul.py" /><property name="line" value="387" /><property name="sim_time_unit" value="ns" /><property name="sim_time_start" value="353450.137" /><property name="sim_time_stop" value="367520.139" /><property name="sim_time_duration" value="14070.002000000037" /><property name="sim_time_ratio" value="16900.54180424976" /></properties></testcase><testcase classname="test_matmul" name="test_matmul_read_granularity_equivalence" time="0.496"><properties><property name="cocotb" value="True" /><property name="random_seed" value="1789087119" /><property name="file" value="/home/pgratz/pcie-matmul/tb/tests/test_matmul.py" /><property name="line" value="431" /><property name="sim_time_unit" value="ns" /><property name="sim_time_start" value="367520.14" /><property name="sim_time_stop" value="379750.14" /><property name="sim_time_duration" value="12230.0" /><property name="sim_time_ratio" value="24672.728910109327" /></properties></testcase><testcase classname="test_matmul" name="test_matmul_soft_reset_during_operation" time="0.454"><properties><property name="cocotb" value="True" /><property name="random_seed" value="1789087119" /><property name="file" value="/home/pgratz/pcie-matmul/tb/tests/test_matmul.py" /><property name="line" value="456" /><property name="sim_time_unit" value="ns" /><property name="sim_time_start" value="379750.141" /><property name="sim_time_stop" value="385970.143" /><property name="sim_time_duration" value="6220.001999999979" /><property name="sim_time_ratio" value="13696.543470634237" /></properties></testcase></testsuite><testsuite name="test_stress" errors="0" failures="0" skipped="0" tests="1" time="0.651" timestamp="2026-09-11T00:38:50.782314+00:00" hostname="pgratz-Blade-16"><testcase classname="test_stress" name="test_stress_random_sequence" time="0.651"><properties><property name="cocotb" value="True" /><property name="random_seed" value="1789087119" /><property name="file" value="/home/pgratz/pcie-matmul/tb/tests/test_stress.py" /><property name="line" value="26" /><property name="sim_time_unit" value="ns" /><property name="sim_time_start" value="385970.144" /><property name="sim_time_stop" value="420810.146" /><property name="sim_time_duration" value="34840.00200000004" /><property name="sim_time_ratio" value="53478.91201043162" /></properties></testcase></testsuite></testsuites>