<?xml version='1.0' encoding='utf-8'?>
<testsuites name="cocotb tests"><testsuite name="test_smoke" errors="0" failures="0" skipped="0" tests="4" time="0.210" timestamp="2026-09-11T01:27:06.271581+00:00" hostname="pgratz-Blade-16"><testcase classname="test_smoke" name="test_smoke_top_ports_exist" time="0.000"><properties><property name="cocotb" value="True" /><property name="random_seed" value="1789090026" /><property name="file" value="/home/pgratz/pcie-matmul/tb/tests/test_smoke.py" /><property name="line" value="24" /><property name="sim_time_unit" value="ns" /><property name="sim_time_start" value="0.0" /><property name="sim_time_stop" value="0.0" /><property name="sim_time_duration" value="0.0" /><property name="sim_time_ratio" value="0.0" /></properties></testcase><testcase classname="test_smoke" name="test_smoke_reset_state" time="0.076"><properties><property name="cocotb" value="True" /><property name="random_seed" value="1789090026" /><property name="file" value="/home/pgratz/pcie-matmul/tb/tests/test_smoke.py" /><property name="line" value="46" /><property name="sim_time_unit" value="ns" /><property name="sim_time_start" value="0.001" /><property name="sim_time_stop" value="4670.003" /><property name="sim_time_duration" value="4670.0019999999995" /><property name="sim_time_ratio" value="61211.55547265055" /></properties></testcase><testcase classname="test_smoke" name="test_smoke_enumerate_and_read_id" time="0.057"><properties><property name="cocotb" value="True" /><property name="random_seed" value="1789090026" /><property name="file" value="/home/pgratz/pcie-matmul/tb/tests/test_smoke.py" /><property name="line" value="74" /><property name="sim_time_unit" value="ns" /><property name="sim_time_start" value="4670.004" /><property name="sim_time_stop" value="9140.006" /><property name="sim_time_duration" value="4470.0019999999995" /><property name="sim_time_ratio" value="78173.41240925757" /></properties></testcase><testcase classname="test_smoke" name="test_smoke_single_multiply" time="0.077"><properties><property name="cocotb" value="True" /><property name="random_seed" value="1789090026" /><property name="file" value="/home/pgratz/pcie-matmul/tb/tests/test_smoke.py" /><property name="line" value="104" /><property name="sim_time_unit" value="ns" /><property name="sim_time_start" value="9140.007" /><property name="sim_time_stop" value="15070.009" /><property name="sim_time_duration" value="5930.002" /><property name="sim_time_ratio" value="77511.1540181633" /></properties></testcase></testsuite><testsuite name="test_regs" errors="0" failures="0" skipped="0" tests="15" time="1.652" timestamp="2026-09-11T01:27:06.545800+00:00" hostname="pgratz-Blade-16"><testcase classname="test_regs" name="test_reg_reset_values" time="0.064"><properties><property name="cocotb" value="True" /><property name="random_seed" value="1789090026" /><property name="file" value="/home/pgratz/pcie-matmul/tb/tests/test_regs.py" /><property name="line" value="43" /><property name="sim_time_unit" value="ns" /><property name="sim_time_start" value="15070.01" /><property name="sim_time_stop" value="20150.012" /><property name="sim_time_duration" value="5080.001999999999" /><property name="sim_time_ratio" value="79906.60997629902" /></properties></testcase><testcase classname="test_regs" name="test_reg_ro_writes_ignored" time="0.072"><properties><property name="cocotb" value="True" /><property name="random_seed" value="1789090026" /><property name="file" value="/home/pgratz/pcie-matmul/tb/tests/test_regs.py" /><property name="line" value="57" /><property name="sim_time_unit" value="ns" /><property name="sim_time_start" value="20150.013" /><property name="sim_time_stop" value="25670.015" /><property name="sim_time_duration" value="5520.002" /><property name="sim_time_ratio" value="76616.52445696776" /></properties></testcase><testcase classname="test_regs" name="test_reg_scratch_rw_and_byte_enables" time="0.071"><properties><property name="cocotb" value="True" /><property name="random_seed" value="1789090026" /><property name="file" value="/home/pgratz/pcie-matmul/tb/tests/test_regs.py" /><property name="line" value="73" /><property name="sim_time_unit" value="ns" /><property name="sim_time_start" value="25670.016" /><property name="sim_time_stop" value="32310.016" /><property name="sim_time_duration" value="6640.0" /><property name="sim_time_ratio" value="93161.76639466385" /></properties></testcase><testcase classname="test_regs" name="test_reg_reserved_raz_wi" time="0.067"><properties><property name="cocotb" value="True" /><property name="random_seed" value="1789090026" /><property name="file" value="/home/pgratz/pcie-matmul/tb/tests/test_regs.py" /><property name="line" value="117" /><property name="sim_time_unit" value="ns" /><property name="sim_time_start" value="32310.017" /><property name="sim_time_stop" value="38330.017" /><property name="sim_time_duration" value="6020.0" /><property name="sim_time_ratio" value="89252.26322186417" /></properties></testcase><testcase classname="test_regs" name="test_reg_ctrl_reads_zero_and_be_gated" time="0.075"><properties><property name="cocotb" value="True" /><property name="random_seed" value="1789090026" /><property name="file" value="/home/pgratz/pcie-matmul/tb/tests/test_regs.py" /><property name="line" value="133" /><property name="sim_time_unit" value="ns" /><property name="sim_time_start" value="38330.018" /><property name="sim_time_stop" value="44410.02" /><property name="sim_time_duration" value="6080.002" /><property name="sim_time_ratio" value="80680.15899142047" /></properties></testcase><testcase classname="test_regs" name="test_reg_status_w1c" time="0.069"><properties><property name="cocotb" value="True" /><property name="random_seed" value="1789090026" /><property name="file" value="/home/pgratz/pcie-matmul/tb/tests/test_regs.py" /><property name="line" value="165" /><property name="sim_time_unit" value="ns" /><property name="sim_time_start" value="44410.021" /><property name="sim_time_stop" value="49770.023" /><property name="sim_time_duration" value="5360.002" /><property name="sim_time_ratio" value="77721.53601447152" /></properties></testcase><testcase classname="test_regs" name="test_reg_status_w1c_byte_enable_gating" time="0.067"><properties><property name="cocotb" value="True" /><property name="random_seed" value="1789090026" /><property name="file" value="/home/pgratz/pcie-matmul/tb/tests/test_regs.py" /><property name="line" value="198" /><property name="sim_time_unit" value="ns" /><property name="sim_time_start" value="49770.024" /><property name="sim_time_stop" value="54790.026" /><property name="sim_time_duration" value="5020.002" /><property name="sim_time_ratio" value="75270.61311073738" /></properties></testcase><testcase classname="test_regs" name="test_reg_irq_enable_rw_and_reserved" time="0.068"><properties><property name="cocotb" value="True" /><property name="random_seed" value="1789090026" /><property name="file" value="/home/pgratz/pcie-matmul/tb/tests/test_regs.py" /><property name="line" value="221" /><property name="sim_time_unit" value="ns" /><property name="sim_time_start" value="54790.027" /><property name="sim_time_stop" value="60310.029" /><property name="sim_time_duration" value="5520.002" /><property name="sim_time_ratio" value="81630.77768259763" /></properties></testcase><testcase classname="test_regs" name="test_reg_irq_status_and_irq_pin" time="0.091"><properties><property name="cocotb" value="True" /><property name="random_seed" value="1789090026" /><property name="file" value="/home/pgratz/pcie-matmul/tb/tests/test_regs.py" /><property name="line" value="245" /><property name="sim_time_unit" value="ns" /><property name="sim_time_start" value="60310.03" /><property name="sim_time_stop" value="67450.032" /><property name="sim_time_duration" value="7140.002000000008" /><property name="sim_time_ratio" value="78820.97020406644" /></properties></testcase><testcase classname="test_regs" name="test_reg_write_path_delay_is_constant" time="0.165"><properties><property name="cocotb" value="True" /><property name="random_seed" value="1789090026" /><property name="file" value="/home/pgratz/pcie-matmul/tb/tests/test_regs.py" /><property name="line" value="327" /><property name="sim_time_unit" value="ns" /><property name="sim_time_start" value="67450.033" /><property name="sim_time_stop" value="84800.033" /><property name="sim_time_duration" value="17350.0" /><property name="sim_time_ratio" value="105431.0300654771" /></properties></testcase><testcase classname="test_regs" name="test_reg_start_and_soft_reset_while_busy" time="0.238"><properties><property name="cocotb" value="True" /><property name="random_seed" value="1789090026" /><property name="file" value="/home/pgratz/pcie-matmul/tb/tests/test_regs.py" /><property name="line" value="446" /><property name="sim_time_unit" value="ns" /><property name="sim_time_start" value="84800.034" /><property name="sim_time_stop" value="91120.036" /><property name="sim_time_duration" value="6320.001999999993" /><property name="sim_time_ratio" value="26585.063894712763" /></properties></testcase><testcase classname="test_regs" name="test_reg_op_count_and_perf_cycles" time="0.085"><properties><property name="cocotb" value="True" /><property name="random_seed" value="1789090026" /><property name="file" value="/home/pgratz/pcie-matmul/tb/tests/test_regs.py" /><property name="line" value="485" /><property name="sim_time_unit" value="ns" /><property name="sim_time_start" value="91120.037" /><property name="sim_time_stop" value="97360.039" /><property name="sim_time_duration" value="6240.002000000008" /><property name="sim_time_ratio" value="73452.53105390962" /></properties></testcase><testcase classname="test_regs" name="test_reg_soft_reset" time="0.400"><properties><property name="cocotb" value="True" /><property name="random_seed" value="1789090026" /><property name="file" value="/home/pgratz/pcie-matmul/tb/tests/test_regs.py" /><property name="line" value="505" /><property name="sim_time_unit" value="ns" /><property name="sim_time_start" value="97360.04" /><property name="sim_time_stop" value="105550.04" /><property name="sim_time_duration" value="8190.0" /><property name="sim_time_ratio" value="20458.725493150087" /></properties></testcase><testcase classname="test_regs" name="test_reg_soft_reset_precedence" time="0.056"><properties><property name="cocotb" value="True" /><property name="random_seed" value="1789090026" /><property name="file" value="/home/pgratz/pcie-matmul/tb/tests/test_regs.py" /><property name="line" value="571" /><property name="sim_time_unit" value="ns" /><property name="sim_time_start" value="105550.041" /><property name="sim_time_stop" value="109970.043" /><property name="sim_time_duration" value="4420.002000000008" /><property name="sim_time_ratio" value="78501.83054561954" /></properties></testcase><testcase classname="test_regs" name="test_reg_access_while_busy" time="0.064"><properties><property name="cocotb" value="True" /><property name="random_seed" value="1789090026" /><property name="file" value="/home/pgratz/pcie-matmul/tb/tests/test_regs.py" /><property name="line" value="588" /><property name="sim_time_unit" value="ns" /><property name="sim_time_start" value="109970.044" /><property name="sim_time_stop" value="114550.046" /><property name="sim_time_duration" value="4580.002000000008" /><property name="sim_time_ratio" value="71316.54155071234" /></properties></testcase></testsuite><testsuite name="test_tlp" errors="0" failures="0" skipped="0" tests="23" time="1.487" timestamp="2026-09-11T01:27:08.139430+00:00" hostname="pgratz-Blade-16"><testcase classname="test_tlp" name="test_tlp_be_tables_match_reference_library" time="0.003"><properties><property name="cocotb" value="True" /><property name="random_seed" value="1789090026" /><property name="file" value="/home/pgratz/pcie-matmul/tb/tests/test_tlp.py" /><property name="line" value="24" /><property name="sim_time_unit" value="ns" /><property name="sim_time_start" value="114550.047" /><property name="sim_time_stop" value="114550.047" /><property name="sim_time_duration" value="0.0" /><property name="sim_time_ratio" value="0.0" /></properties></testcase><testcase classname="test_tlp" name="test_tlp_ready_not_combinational_on_valid" time="0.054"><properties><property name="cocotb" value="True" /><property name="random_seed" value="1789090026" /><property name="file" value="/home/pgratz/pcie-matmul/tb/tests/test_tlp.py" /><property name="line" value="56" /><property name="sim_time_unit" value="ns" /><property name="sim_time_start" value="114550.048" /><property name="sim_time_stop" value="118730.048" /><property name="sim_time_duration" value="4180.0" /><property name="sim_time_ratio" value="77173.1782387997" /></properties></testcase><testcase classname="test_tlp" name="test_tlp_idle_and_stall_cycles" time="0.078"><properties><property name="cocotb" value="True" /><property name="random_seed" value="1789090026" /><property name="file" value="/home/pgratz/pcie-matmul/tb/tests/test_tlp.py" /><property name="line" value="95" /><property name="sim_time_unit" value="ns" /><property name="sim_time_start" value="118730.049" /><property name="sim_time_stop" value="126670.051" /><property name="sim_time_duration" value="7940.002000000008" /><property name="sim_time_ratio" value="101359.02245521425" /></properties></testcase><testcase classname="test_tlp" name="test_tlp_tx_ready_held_low_no_deadlock" time="0.076"><properties><property name="cocotb" value="True" /><property name="random_seed" value="1789090026" /><property name="file" value="/home/pgratz/pcie-matmul/tb/tests/test_tlp.py" /><property name="line" value="113" /><property name="sim_time_unit" value="ns" /><property name="sim_time_start" value="126670.052" /><property name="sim_time_stop" value="134080.054" /><property name="sim_time_duration" value="7410.002000000008" /><property name="sim_time_ratio" value="97784.0013541416" /></properties></testcase><testcase classname="test_tlp" name="test_tlp_completion_reserved_fields_and_ids" time="0.095"><properties><property name="cocotb" value="True" /><property name="random_seed" value="1789090026" /><property name="file" value="/home/pgratz/pcie-matmul/tb/tests/test_tlp.py" /><property name="line" value="184" /><property name="sim_time_unit" value="ns" /><property name="sim_time_start" value="134080.055" /><property name="sim_time_stop" value="144060.055" /><property name="sim_time_duration" value="9980.0" /><property name="sim_time_ratio" value="104511.34750840471" /></properties></testcase><testcase classname="test_tlp" name="test_tlp_completer_id_capture" time="0.061"><properties><property name="cocotb" value="True" /><property name="random_seed" value="1789090026" /><property name="file" value="/home/pgratz/pcie-matmul/tb/tests/test_tlp.py" /><property name="line" value="219" /><property name="sim_time_unit" value="ns" /><property name="sim_time_start" value="144060.056" /><property name="sim_time_stop" value="148740.056" /><property name="sim_time_duration" value="4680.0" /><property name="sim_time_ratio" value="77216.9391523402" /></properties></testcase><testcase classname="test_tlp" name="test_tlp_mrd_completion_fields" time="0.069"><properties><property name="cocotb" value="True" /><property name="random_seed" value="1789090026" /><property name="file" value="/home/pgratz/pcie-matmul/tb/tests/test_tlp.py" /><property name="line" value="237" /><property name="sim_time_unit" value="ns" /><property name="sim_time_start" value="148740.057" /><property name="sim_time_stop" value="154540.057" /><property name="sim_time_duration" value="5800.0" /><property name="sim_time_ratio" value="83652.30100410977" /></properties></testcase><testcase classname="test_tlp" name="test_tlp_mrd_payload_is_full_dwords" time="0.056"><properties><property name="cocotb" value="True" /><property name="random_seed" value="1789090026" /><property name="file" value="/home/pgratz/pcie-matmul/tb/tests/test_tlp.py" /><property name="line" value="290" /><property name="sim_time_unit" value="ns" /><property name="sim_time_start" value="154540.058" /><property name="sim_time_stop" value="159260.058" /><property name="sim_time_duration" value="4720.0" /><property name="sim_time_ratio" value="84585.23665003863" /></properties></testcase><testcase classname="test_tlp" name="test_tlp_cfg_completion_fields" time="0.062"><properties><property name="cocotb" value="True" /><property name="random_seed" value="1789090026" /><property name="file" value="/home/pgratz/pcie-matmul/tb/tests/test_tlp.py" /><property name="line" value="304" /><property name="sim_time_unit" value="ns" /><property name="sim_time_start" value="159260.059" /><property name="sim_time_stop" value="163740.059" /><property name="sim_time_duration" value="4480.0" /><property name="sim_time_ratio" value="72775.33753397448" /></properties></testcase><testcase classname="test_tlp" name="test_tlp_malformed_length_rejected" time="0.063"><properties><property name="cocotb" value="True" /><property name="random_seed" value="1789090026" /><property name="file" value="/home/pgratz/pcie-matmul/tb/tests/test_tlp.py" /><property name="line" value="388" /><property name="sim_time_unit" value="ns" /><property name="sim_time_start" value="163740.06" /><property name="sim_time_stop" value="169000.062" /><property name="sim_time_duration" value="5260.002000000008" /><property name="sim_time_ratio" value="83033.26789080721" /></properties></testcase><testcase classname="test_tlp" name="test_tlp_oversize_write_discarded_and_framing_kept" time="0.061"><properties><property name="cocotb" value="True" /><property name="random_seed" value="1789090026" /><property name="file" value="/home/pgratz/pcie-matmul/tb/tests/test_tlp.py" /><property name="line" value="403" /><property name="sim_time_unit" value="ns" /><property name="sim_time_start" value="169000.063" /><property name="sim_time_stop" value="174050.065" /><property name="sim_time_duration" value="5050.002000000008" /><property name="sim_time_ratio" value="82718.38653370595" /></properties></testcase><testcase classname="test_tlp" name="test_tlp_sop_resynchronisation" time="0.059"><properties><property name="cocotb" value="True" /><property name="random_seed" value="1789090026" /><property name="file" value="/home/pgratz/pcie-matmul/tb/tests/test_tlp.py" /><property name="line" value="423" /><property name="sim_time_unit" value="ns" /><property name="sim_time_start" value="174050.066" /><property name="sim_time_stop" value="178430.068" /><property name="sim_time_duration" value="4380.002000000008" /><property name="sim_time_ratio" value="73655.90107766242" /></properties></testcase><testcase classname="test_tlp" name="test_tlp_nonposted_unsupported_types" time="0.066"><properties><property name="cocotb" value="True" /><property name="random_seed" value="1789090026" /><property name="file" value="/home/pgratz/pcie-matmul/tb/tests/test_tlp.py" /><property name="line" value="447" /><property name="sim_time_unit" value="ns" /><property name="sim_time_start" value="178430.069" /><property name="sim_time_stop" value="183710.071" /><property name="sim_time_duration" value="5280.002000000008" /><property name="sim_time_ratio" value="80187.99582989242" /></properties></testcase><testcase classname="test_tlp" name="test_tlp_posted_unsupported_types" time="0.064"><properties><property name="cocotb" value="True" /><property name="random_seed" value="1789090026" /><property name="file" value="/home/pgratz/pcie-matmul/tb/tests/test_tlp.py" /><property name="line" value="477" /><property name="sim_time_unit" value="ns" /><property name="sim_time_start" value="183710.072" /><property name="sim_time_stop" value="188770.074" /><property name="sim_time_duration" value="5060.002000000008" /><property name="sim_time_ratio" value="78549.27921332148" /></properties></testcase><testcase classname="test_tlp" name="test_tlp_td_ep_treated_as_unsupported" time="0.071"><properties><property name="cocotb" value="True" /><property name="random_seed" value="1789090026" /><property name="file" value="/home/pgratz/pcie-matmul/tb/tests/test_tlp.py" /><property name="line" value="513" /><property name="sim_time_unit" value="ns" /><property name="sim_time_start" value="188770.075" /><property name="sim_time_stop" value="194230.077" /><property name="sim_time_duration" value="5460.001999999979" /><property name="sim_time_ratio" value="76640.71355328018" /></properties></testcase><testcase classname="test_tlp" name="test_tlp_inbound_completion_discarded" time="0.056"><properties><property name="cocotb" value="True" /><property name="random_seed" value="1789090026" /><property name="file" value="/home/pgratz/pcie-matmul/tb/tests/test_tlp.py" /><property name="line" value="540" /><property name="sim_time_unit" value="ns" /><property name="sim_time_start" value="194230.078" /><property name="sim_time_stop" value="198940.08" /><property name="sim_time_duration" value="4710.001999999979" /><property name="sim_time_ratio" value="84241.84818552778" /></properties></testcase><testcase classname="test_tlp" name="test_tlp_bar0_miss_and_window_overrun" time="0.081"><properties><property name="cocotb" value="True" /><property name="random_seed" value="1789090026" /><property name="file" value="/home/pgratz/pcie-matmul/tb/tests/test_tlp.py" /><property name="line" value="561" /><property name="sim_time_unit" value="ns" /><property name="sim_time_start" value="198940.081" /><property name="sim_time_stop" value="205790.081" /><property name="sim_time_duration" value="6850.0" /><property name="sim_time_ratio" value="84268.6663180616" /></properties></testcase><testcase classname="test_tlp" name="test_tlp_mse_gates_bar0_only" time="0.060"><properties><property name="cocotb" value="True" /><property name="random_seed" value="1789090026" /><property name="file" value="/home/pgratz/pcie-matmul/tb/tests/test_tlp.py" /><property name="line" value="595" /><property name="sim_time_unit" value="ns" /><property name="sim_time_start" value="205790.082" /><property name="sim_time_stop" value="210860.082" /><property name="sim_time_duration" value="5070.0" /><property name="sim_time_ratio" value="83925.52419456818" /></properties></testcase><testcase classname="test_tlp" name="test_tlp_cfg_nonzero_device_or_function" time="0.083"><properties><property name="cocotb" value="True" /><property name="random_seed" value="1789090026" /><property name="file" value="/home/pgratz/pcie-matmul/tb/tests/test_tlp.py" /><property name="line" value="643" /><property name="sim_time_unit" value="ns" /><property name="sim_time_start" value="210860.083" /><property name="sim_time_stop" value="218190.083" /><property name="sim_time_duration" value="7330.0" /><property name="sim_time_ratio" value="87894.08716449466" /></properties></testcase><testcase classname="test_tlp" name="test_tlp_payload_endianness" time="0.061"><properties><property name="cocotb" value="True" /><property name="random_seed" value="1789090026" /><property name="file" value="/home/pgratz/pcie-matmul/tb/tests/test_tlp.py" /><property name="line" value="669" /><property name="sim_time_unit" value="ns" /><property name="sim_time_start" value="218190.084" /><property name="sim_time_stop" value="222590.086" /><property name="sim_time_duration" value="4400.002000000008" /><property name="sim_time_ratio" value="71704.40978864128" /></properties></testcase><testcase classname="test_tlp" name="test_tlp_burst_ascending_and_independent_decode" time="0.063"><properties><property name="cocotb" value="True" /><property name="random_seed" value="1789090026" /><property name="file" value="/home/pgratz/pcie-matmul/tb/tests/test_tlp.py" /><property name="line" value="699" /><property name="sim_time_unit" value="ns" /><property name="sim_time_start" value="222590.087" /><property name="sim_time_stop" value="227390.087" /><property name="sim_time_duration" value="4800.0" /><property name="sim_time_ratio" value="76749.40556673692" /></properties></testcase><testcase classname="test_tlp" name="test_tlp_requests_serviced_in_order" time="0.061"><properties><property name="cocotb" value="True" /><property name="random_seed" value="1789090026" /><property name="file" value="/home/pgratz/pcie-matmul/tb/tests/test_tlp.py" /><property name="line" value="734" /><property name="sim_time_unit" value="ns" /><property name="sim_time_start" value="227390.088" /><property name="sim_time_stop" value="232060.088" /><property name="sim_time_duration" value="4670.0" /><property name="sim_time_ratio" value="76563.10547022587" /></properties></testcase><testcase classname="test_tlp" name="test_tlp_back_to_back_tlps_no_idle_cycles" time="0.082"><properties><property name="cocotb" value="True" /><property name="random_seed" value="1789090026" /><property name="file" value="/home/pgratz/pcie-matmul/tb/tests/test_tlp.py" /><property name="line" value="771" /><property name="sim_time_unit" value="ns" /><property name="sim_time_start" value="232060.089" /><property name="sim_time_stop" value="239770.091" /><property name="sim_time_duration" value="7710.001999999979" /><property name="sim_time_ratio" value="94067.2255495562" /></properties></testcase></testsuite><testsuite name="test_cfg" errors="0" failures="0" skipped="0" tests="11" time="0.485" timestamp="2026-09-11T01:27:09.639654+00:00" hostname="pgratz-Blade-16"><testcase classname="test_cfg" name="test_cfg_reset_values" time="0.012"><properties><property name="cocotb" value="True" /><property name="random_seed" value="1789090026" /><property name="file" value="/home/pgratz/pcie-matmul/tb/tests/test_cfg.py" /><property name="line" value="39" /><property name="sim_time_unit" value="ns" /><property name="sim_time_start" value="239770.092" /><property name="sim_time_stop" value="241440.092" /><property name="sim_time_duration" value="1670.0" /><property name="sim_time_ratio" value="139182.67275067727" /></properties></testcase><testcase classname="test_cfg" name="test_cfg_unimplemented_offsets_read_zero" time="0.006"><properties><property name="cocotb" value="True" /><property name="random_seed" value="1789090026" /><property name="file" value="/home/pgratz/pcie-matmul/tb/tests/test_cfg.py" /><property name="line" value="50" /><property name="sim_time_unit" value="ns" /><property name="sim_time_start" value="241440.093" /><property name="sim_time_stop" value="242210.093" /><property name="sim_time_duration" value="770.0" /><property name="sim_time_ratio" value="128649.36050250559" /></properties></testcase><testcase classname="test_cfg" name="test_cfg_bar0_sizing_and_readonly_low_bits" time="0.010"><properties><property name="cocotb" value="True" /><property name="random_seed" value="1789090026" /><property name="file" value="/home/pgratz/pcie-matmul/tb/tests/test_cfg.py" /><property name="line" value="61" /><property name="sim_time_unit" value="ns" /><property name="sim_time_start" value="242210.094" /><property name="sim_time_stop" value="243580.094" /><property name="sim_time_duration" value="1370.0" /><property name="sim_time_ratio" value="137125.8815719668" /></properties></testcase><testcase classname="test_cfg" name="test_cfg_command_register_rw_bits" time="0.010"><properties><property name="cocotb" value="True" /><property name="random_seed" value="1789090026" /><property name="file" value="/home/pgratz/pcie-matmul/tb/tests/test_cfg.py" /><property name="line" value="87" /><property name="sim_time_unit" value="ns" /><property name="sim_time_start" value="243580.095" /><property name="sim_time_stop" value="244950.095" /><property name="sim_time_duration" value="1370.0" /><property name="sim_time_ratio" value="138721.71683279506" /></properties></testcase><testcase classname="test_cfg" name="test_cfg_write_byte_enables" time="0.008"><properties><property name="cocotb" value="True" /><property name="random_seed" value="1789090026" /><property name="file" value="/home/pgratz/pcie-matmul/tb/tests/test_cfg.py" /><property name="line" value="107" /><property name="sim_time_unit" value="ns" /><property name="sim_time_start" value="244950.096" /><property name="sim_time_stop" value="245920.096" /><property name="sim_time_duration" value="970.0" /><property name="sim_time_ratio" value="128176.10814567472" /></properties></testcase><testcase classname="test_cfg" name="test_cfg_write_to_readonly_is_accepted_and_ignored" time="0.040"><properties><property name="cocotb" value="True" /><property name="random_seed" value="1789090026" /><property name="file" value="/home/pgratz/pcie-matmul/tb/tests/test_cfg.py" /><property name="line" value="143" /><property name="sim_time_unit" value="ns" /><property name="sim_time_start" value="245920.097" /><property name="sim_time_stop" value="250790.097" /><property name="sim_time_duration" value="4870.0" /><property name="sim_time_ratio" value="122337.50137013792" /></properties></testcase><testcase classname="test_cfg" name="test_cfg_enumeration_assigns_bar0" time="0.054"><properties><property name="cocotb" value="True" /><property name="random_seed" value="1789090026" /><property name="file" value="/home/pgratz/pcie-matmul/tb/tests/test_cfg.py" /><property name="line" value="165" /><property name="sim_time_unit" value="ns" /><property name="sim_time_start" value="250790.098" /><property name="sim_time_stop" value="254870.1" /><property name="sim_time_duration" value="4080.0020000000077" /><property name="sim_time_ratio" value="75675.0344237695" /></properties></testcase><testcase classname="test_cfg" name="test_cfg_reenumerable_after_reset" time="0.156"><properties><property name="cocotb" value="True" /><property name="random_seed" value="1789090026" /><property name="file" value="/home/pgratz/pcie-matmul/tb/tests/test_cfg.py" /><property name="line" value="196" /><property name="sim_time_unit" value="ns" /><property name="sim_time_start" value="254870.101" /><property name="sim_time_stop" value="266940.103" /><property name="sim_time_duration" value="12070.002000000008" /><property name="sim_time_ratio" value="77508.20623838496" /></properties></testcase><testcase classname="test_cfg" name="test_cfg_malformed_length_completion_fields" time="0.025"><properties><property name="cocotb" value="True" /><property name="random_seed" value="1789090026" /><property name="file" value="/home/pgratz/pcie-matmul/tb/tests/test_cfg.py" /><property name="line" value="294" /><property name="sim_time_unit" value="ns" /><property name="sim_time_start" value="266940.104" /><property name="sim_time_stop" value="270490.104" /><property name="sim_time_duration" value="3550.0" /><property name="sim_time_ratio" value="143889.8842648697" /></properties></testcase><testcase classname="test_cfg" name="test_cfg_malformed_length_framing_preserved" time="0.077"><properties><property name="cocotb" value="True" /><property name="random_seed" value="1789090026" /><property name="file" value="/home/pgratz/pcie-matmul/tb/tests/test_cfg.py" /><property name="line" value="347" /><property name="sim_time_unit" value="ns" /><property name="sim_time_start" value="270490.105" /><property name="sim_time_stop" value="277170.107" /><property name="sim_time_duration" value="6680.002000000037" /><property name="sim_time_ratio" value="86607.65264384652" /></properties></testcase><testcase classname="test_cfg" name="test_cfg_malformed_length_sets_unsup_req" time="0.089"><properties><property name="cocotb" value="True" /><property name="random_seed" value="1789090026" /><property name="file" value="/home/pgratz/pcie-matmul/tb/tests/test_cfg.py" /><property name="line" value="401" /><property name="sim_time_unit" value="ns" /><property name="sim_time_start" value="277170.108" /><property name="sim_time_stop" value="284680.108" /><property name="sim_time_duration" value="7510.0" /><property name="sim_time_ratio" value="84566.97043478081" /></properties></testcase></testsuite><testsuite name="test_matmul" errors="0" failures="0" skipped="0" tests="17" time="10.933" timestamp="2026-09-11T01:27:10.187186+00:00" hostname="pgratz-Blade-16"><testcase classname="test_matmul" name="test_matmul_zeros" time="0.072"><properties><property name="cocotb" value="True" /><property name="random_seed" value="1789090026" /><property name="file" value="/home/pgratz/pcie-matmul/tb/tests/test_matmul.py" /><property name="line" value="46" /><property name="sim_time_unit" value="ns" /><property name="sim_time_start" value="284680.109" /><property name="sim_time_stop" value="290610.111" /><property name="sim_time_duration" value="5930.001999999979" /><property name="sim_time_ratio" value="82333.65775117144" /></properties></testcase><testcase classname="test_matmul" name="test_matmul_identity" time="0.267"><properties><property name="cocotb" value="True" /><property name="random_seed" value="1789090026" /><property name="file" value="/home/pgratz/pcie-matmul/tb/tests/test_matmul.py" /><property name="line" value="58" /><property name="sim_time_unit" value="ns" /><property name="sim_time_start" value="290610.112" /><property name="sim_time_stop" value="298190.114" /><property name="sim_time_duration" value="7580.001999999979" /><property name="sim_time_ratio" value="28343.84952810698" /></properties></testcase><testcase classname="test_matmul" name="test_matmul_extreme_operands" time="0.617"><properties><property name="cocotb" value="True" /><property name="random_seed" value="1789090026" /><property name="file" value="/home/pgratz/pcie-matmul/tb/tests/test_matmul.py" /><property name="line" value="71" /><property name="sim_time_unit" value="ns" /><property name="sim_time_start" value="298190.115" /><property name="sim_time_stop" value="309270.117" /><property name="sim_time_duration" value="11080.002000000037" /><property name="sim_time_ratio" value="17944.28056046125" /></properties></testcase><testcase classname="test_matmul" name="test_matmul_random" time="1.558"><properties><property name="cocotb" value="True" /><property name="random_seed" value="1789090026" /><property name="file" value="/home/pgratz/pcie-matmul/tb/tests/test_matmul.py" /><property name="line" value="97" /><property name="sim_time_unit" value="ns" /><property name="sim_time_start" value="309270.118" /><property name="sim_time_stop" value="323850.12" /><property name="sim_time_duration" value="14580.001999999979" /><property name="sim_time_ratio" value="9360.847752833553" /></properties></testcase><testcase classname="test_matmul" name="test_matmul_back_to_back" time="0.966"><properties><property name="cocotb" value="True" /><property name="random_seed" value="1789090026" /><property name="file" value="/home/pgratz/pcie-matmul/tb/tests/test_matmul.py" /><property name="line" value="110" /><property name="sim_time_unit" value="ns" /><property name="sim_time_start" value="323850.121" /><property name="sim_time_stop" value="333990.123" /><property name="sim_time_duration" value="10140.002000000037" /><property name="sim_time_ratio" value="10492.93748203527" /></properties></testcase><testcase classname="test_matmul" name="test_matmul_start_while_busy" time="0.381"><properties><property name="cocotb" value="True" /><property name="random_seed" value="1789090026" /><property name="file" value="/home/pgratz/pcie-matmul/tb/tests/test_matmul.py" /><property name="line" value="135" /><property name="sim_time_unit" value="ns" /><property name="sim_time_start" value="333990.124" /><property name="sim_time_stop" value="339940.126" /><property name="sim_time_duration" value="5950.001999999979" /><property name="sim_time_ratio" value="15618.207517428" /></properties></testcase><testcase classname="test_matmul" name="test_matmul_write_abc_while_busy" time="0.376"><properties><property name="cocotb" value="True" /><property name="random_seed" value="1789090026" /><property name="file" value="/home/pgratz/pcie-matmul/tb/tests/test_matmul.py" /><property name="line" value="167" /><property name="sim_time_unit" value="ns" /><property name="sim_time_start" value="339940.127" /><property name="sim_time_stop" value="345940.129" /><property name="sim_time_duration" value="6000.002000000037" /><property name="sim_time_ratio" value="15951.51752657737" /></properties></testcase><testcase classname="test_matmul" name="test_matmul_read_abc_while_busy" time="0.372"><properties><property name="cocotb" value="True" /><property name="random_seed" value="1789090026" /><property name="file" value="/home/pgratz/pcie-matmul/tb/tests/test_matmul.py" /><property name="line" value="201" /><property name="sim_time_unit" value="ns" /><property name="sim_time_start" value="345940.13" /><property name="sim_time_stop" value="351810.132" /><property name="sim_time_duration" value="5870.001999999979" /><property name="sim_time_ratio" value="15786.40220890576" /></properties></testcase><testcase classname="test_matmul" name="test_matmul_done_timing" time="0.090"><properties><property name="cocotb" value="True" /><property name="random_seed" value="1789090026" /><property name="file" value="/home/pgratz/pcie-matmul/tb/tests/test_matmul.py" /><property name="line" value="243" /><property name="sim_time_unit" value="ns" /><property name="sim_time_start" value="351810.133" /><property name="sim_time_stop" value="356880.135" /><property name="sim_time_duration" value="5070.002000000037" /><property name="sim_time_ratio" value="56422.184135905285" /></properties></testcase><testcase classname="test_matmul" name="test_matmul_busy_is_zero_when_idle" time="0.095"><properties><property name="cocotb" value="True" /><property name="random_seed" value="1789090026" /><property name="file" value="/home/pgratz/pcie-matmul/tb/tests/test_matmul.py" /><property name="line" value="307" /><property name="sim_time_unit" value="ns" /><property name="sim_time_start" value="356880.136" /><property name="sim_time_stop" value="361880.138" /><property name="sim_time_duration" value="5000.001999999979" /><property name="sim_time_ratio" value="52903.83757954418" /></properties></testcase><testcase classname="test_matmul" name="test_matmul_c_addressing_and_persistence" time="0.309"><properties><property name="cocotb" value="True" /><property name="random_seed" value="1789090026" /><property name="file" value="/home/pgratz/pcie-matmul/tb/tests/test_matmul.py" /><property name="line" value="325" /><property name="sim_time_unit" value="ns" /><property name="sim_time_start" value="361880.139" /><property name="sim_time_stop" value="375060.141" /><property name="sim_time_duration" value="13180.001999999979" /><property name="sim_time_ratio" value="42671.814099560615" /></properties></testcase><testcase classname="test_matmul" name="test_matmul_c_cleared_by_rst_only" time="0.247"><properties><property name="cocotb" value="True" /><property name="random_seed" value="1789090026" /><property name="file" value="/home/pgratz/pcie-matmul/tb/tests/test_matmul.py" /><property name="line" value="358" /><property name="sim_time_unit" value="ns" /><property name="sim_time_start" value="375060.142" /><property name="sim_time_stop" value="389020.144" /><property name="sim_time_duration" value="13960.001999999979" /><property name="sim_time_ratio" value="56460.661990235945" /></properties></testcase><testcase classname="test_matmul" name="test_matmul_storage_raz_wi_beyond_nn" time="0.107"><properties><property name="cocotb" value="True" /><property name="random_seed" value="1789090026" /><property name="file" value="/home/pgratz/pcie-matmul/tb/tests/test_matmul.py" /><property name="line" value="378" /><property name="sim_time_unit" value="ns" /><property name="sim_time_start" value="389020.145" /><property name="sim_time_stop" value="395980.145" /><property name="sim_time_duration" value="6960.0" /><property name="sim_time_ratio" value="65107.235500794806" /></properties></testcase><testcase classname="test_matmul" name="test_matmul_write_granularity_equivalence" time="0.684"><properties><property name="cocotb" value="True" /><property name="random_seed" value="1789090026" /><property name="file" value="/home/pgratz/pcie-matmul/tb/tests/test_matmul.py" /><property name="line" value="398" /><property name="sim_time_unit" value="ns" /><property name="sim_time_start" value="395980.146" /><property name="sim_time_stop" value="406740.148" /><property name="sim_time_duration" value="10760.001999999979" /><property name="sim_time_ratio" value="15733.187416417191" /></properties></testcase><testcase classname="test_matmul" name="test_matmul_read_granularity_equivalence" time="0.444"><properties><property name="cocotb" value="True" /><property name="random_seed" value="1789090026" /><property name="file" value="/home/pgratz/pcie-matmul/tb/tests/test_matmul.py" /><property name="line" value="497" /><property name="sim_time_unit" value="ns" /><property name="sim_time_start" value="406740.149" /><property name="sim_time_stop" value="418980.149" /><property name="sim_time_duration" value="12240.0" /><property name="sim_time_ratio" value="27543.039994353705" /></properties></testcase><testcase classname="test_matmul" name="test_matmul_soft_reset_during_operation" time="0.391"><properties><property name="cocotb" value="True" /><property name="random_seed" value="1789090026" /><property name="file" value="/home/pgratz/pcie-matmul/tb/tests/test_matmul.py" /><property name="line" value="558" /><property name="sim_time_unit" value="ns" /><property name="sim_time_start" value="418980.15" /><property name="sim_time_stop" value="425200.152" /><property name="sim_time_duration" value="6220.001999999979" /><property name="sim_time_ratio" value="15927.54312008296" /></properties></testcase><testcase classname="test_matmul" name="test_matmul_soft_reset_during_drain" time="3.957"><properties><property name="cocotb" value="True" /><property name="random_seed" value="1789090026" /><property name="file" value="/home/pgratz/pcie-matmul/tb/tests/test_matmul.py" /><property name="line" value="600" /><property name="sim_time_unit" value="ns" /><property name="sim_time_start" value="425200.153" /><property name="sim_time_stop" value="470810.155" /><property name="sim_time_duration" value="45610.00200000004" /><property name="sim_time_ratio" value="11527.002850904582" /></properties></testcase></testsuite><testsuite name="test_stress" errors="0" failures="0" skipped="0" tests="1" time="0.572" timestamp="2026-09-11T01:27:21.624268+00:00" hostname="pgratz-Blade-16"><testcase classname="test_stress" name="test_stress_random_sequence" time="0.572"><properties><property name="cocotb" value="True" /><property name="random_seed" value="1789090026" /><property name="file" value="/home/pgratz/pcie-matmul/tb/tests/test_stress.py" /><property name="line" value="26" /><property name="sim_time_unit" value="ns" /><property name="sim_time_start" value="470810.156" /><property name="sim_time_stop" value="505650.158" /><property name="sim_time_duration" value="34840.00199999998" /><property name="sim_time_ratio" value="60892.23183544456" /></properties></testcase></testsuite></testsuites>